<?xml version="1.0" encoding="utf-8"?>
<TestRun id="f4b47223-18ee-4e5a-9aed-9ef4bb12209c" name="vignesh@VIGNESH 2026-03-31 01:11:38" runUser="Vignesh\vignesh" xmlns="http://microsoft.com/schemas/VisualStudio/TeamTest/2010">
  <Times creation="2026-03-31T01:11:38.4965240+05:30" queuing="2026-03-31T01:11:38.4965247+05:30" start="2026-03-31T01:11:37.5131614+05:30" finish="2026-03-31T01:11:39.6636617+05:30" />
  <TestSettings name="default" id="ab736d1a-0c10-4245-88c8-01ab167ce475">
    <Deployment runDeploymentRoot="vignesh_VIGNESH_2026-03-31_01_11_38" />
  </TestSettings>
  <Results>
    <UnitTestResult executionId="9689e8c5-1f7d-472a-a28e-c4981dac5f0e" testId="bbf69665-dfac-dae3-c346-85b45db8ff08" testName="MyApp.Tests.Unit.Application.IngestionRequestValidatorTests.ValidProvider_ShouldPassValidation(provider: &quot;azure&quot;)" computerName="VIGNESH" duration="00:00:00.0001761" startTime="2026-03-31T01:11:38.3862411+05:30" endTime="2026-03-31T01:11:38.3888414+05:30" testType="13cdc9d9-ddb5-4fa4-a97d-d965ccfc6d4b" outcome="Passed" testListId="8c84fa94-04c1-424b-9868-57a2d4851a1d" relativeResultsDirectory="9689e8c5-1f7d-472a-a28e-c4981dac5f0e" />
    <UnitTestResult executionId="4c887b75-21a7-4c03-84f4-972d79c0b287" testId="b5477b3d-7351-1fe8-ebc4-add6a958478f" testName="MyApp.Tests.Unit.Domain.BillingRecordTests.Create_WithValidData_ShouldSetPendingStatus" computerName="VIGNESH" duration="00:00:00.0003144" startTime="2026-03-31T01:11:38.4472209+05:30" endTime="2026-03-31T01:11:38.4494739+05:30" testType="13cdc9d9-ddb5-4fa4-a97d-d965ccfc6d4b" outcome="Passed" testListId="8c84fa94-04c1-424b-9868-57a2d4851a1d" relativeResultsDirectory="4c887b75-21a7-4c03-84f4-972d79c0b287" />
    <UnitTestResult executionId="269ee3a0-15f5-42ae-a80a-feb76e689fef" testId="0be39199-3b08-b0da-777b-dbeea4cd5366" testName="MyApp.Tests.E2E.BillingIngestionE2ETests.IngestRecord_NoToken_ShouldReturnUnauthorized" computerName="VIGNESH" duration="00:00:00.0010000" startTime="2026-03-31T01:11:38.6326889+05:30" endTime="2026-03-31T01:11:38.6432947+05:30" testType="13cdc9d9-ddb5-4fa4-a97d-d965ccfc6d4b" outcome="Failed" testListId="8c84fa94-04c1-424b-9868-57a2d4851a1d" relativeResultsDirectory="269ee3a0-15f5-42ae-a80a-feb76e689fef">
      <Output>
        <ErrorInfo>
          <Message>Class fixture type 'MyApp.Tests.E2E.CustomWebApplicationFactory' threw in its constructor&#xD;
---- System.ArgumentException : Docker is either not running or misconfigured. Please ensure that Docker is running and that the endpoint is properly configured. You can customize your configuration using either the environment variables or the ~/.testcontainers.properties file. For more information, visit:
https://dotnet.testcontainers.org/custom_configuration/ (Parameter 'DockerEndpointAuthConfig')</Message>
          <StackTrace>&#xD;
----- Inner Stack Trace -----&#xD;
   at DotNet.Testcontainers.Guard.ThrowIf[TType](ArgumentInfo`1&amp; argument, Func`2 condition, Func`2 ifClause) in /_/src/Testcontainers/Guard.Null.cs:line 62&#xD;
   at DotNet.Testcontainers.Builders.AbstractBuilder`4.Validate() in /_/src/Testcontainers/Builders/AbstractBuilder`4.cs:line 145&#xD;
   at DotNet.Testcontainers.Builders.ContainerBuilder`3.Validate() in /_/src/Testcontainers/Builders/ContainerBuilder`3.cs:line 405&#xD;
   at Testcontainers.PostgreSql.PostgreSqlBuilder.Validate() in /_/src/Testcontainers.PostgreSql/PostgreSqlBuilder.cs:line 101&#xD;
   at Testcontainers.PostgreSql.PostgreSqlBuilder.Build() in /_/src/Testcontainers.PostgreSql/PostgreSqlBuilder.cs:line 75&#xD;
   at MyApp.Tests.E2E.CustomWebApplicationFactory..ctor() in D:\Repositories\aspnet-enterprise-api\MyApp.Tests\E2E\CustomWebApplicationFactory.cs:line 17&#xD;
   at System.Reflection.MethodBaseInvoker.InterpretedInvoke_Constructor(Object obj, IntPtr* args)&#xD;
   at System.Reflection.MethodBaseInvoker.InvokeWithNoArgs(Object obj, BindingFlags invokeAttr)</StackTrace>
        </ErrorInfo>
      </Output>
    </UnitTestResult>
    <UnitTestResult executionId="deeddddd-a09e-47de-a6f6-91ecb9c053af" testId="5d5a0a2a-a837-ec98-e983-9292974fde6f" testName="MyApp.Tests.Integration.BillingRepositoryIntegrationTests.UpdateAsync_ShouldPersistStatusChange" computerName="VIGNESH" duration="00:00:00.0485357" startTime="2026-03-31T01:11:39.2598130+05:30" endTime="2026-03-31T01:11:39.3079470+05:30" testType="13cdc9d9-ddb5-4fa4-a97d-d965ccfc6d4b" outcome="Passed" testListId="8c84fa94-04c1-424b-9868-57a2d4851a1d" relativeResultsDirectory="deeddddd-a09e-47de-a6f6-91ecb9c053af" />
    <UnitTestResult executionId="01e374d9-e892-44cc-aeff-42681081e48d" testId="091e83fd-3a3c-3002-d5b9-0864ff87c57f" testName="MyApp.Tests.Integration.BillingRepositoryIntegrationTests.GetPagedAsync_FilterByProvider_ShouldReturnOnlyMatching" computerName="VIGNESH" duration="00:00:00.2375792" startTime="2026-03-31T01:11:39.3081261+05:30" endTime="2026-03-31T01:11:39.5455958+05:30" testType="13cdc9d9-ddb5-4fa4-a97d-d965ccfc6d4b" outcome="Passed" testListId="8c84fa94-04c1-424b-9868-57a2d4851a1d" relativeResultsDirectory="01e374d9-e892-44cc-aeff-42681081e48d" />
    <UnitTestResult executionId="8209c126-0e92-42c8-890c-369455af7cc4" testId="a572cd6c-4cac-de1e-1a50-cb8f07c919fe" testName="MyApp.Tests.Unit.Domain.BillingRecordTests.MarkFailed_ShouldSetFailureReason" computerName="VIGNESH" duration="00:00:00.0006110" startTime="2026-03-31T01:11:38.4466033+05:30" endTime="2026-03-31T01:11:38.4466755+05:30" testType="13cdc9d9-ddb5-4fa4-a97d-d965ccfc6d4b" outcome="Passed" testListId="8c84fa94-04c1-424b-9868-57a2d4851a1d" relativeResultsDirectory="8209c126-0e92-42c8-890c-369455af7cc4" />
    <UnitTestResult executionId="8a5a34dd-fdfa-4175-a8de-b4fc44bca43c" testId="4e02aa24-9abe-29dc-8e4f-4e193960487f" testName="MyApp.Tests.Unit.Infrastructure.ProviderNormalizerTests.GcpNormalizer_ValidPayload_MapsCorrectly" computerName="VIGNESH" duration="00:00:00.0549874" startTime="2026-03-31T01:11:38.2887236+05:30" endTime="2026-03-31T01:11:38.3863559+05:30" testType="13cdc9d9-ddb5-4fa4-a97d-d965ccfc6d4b" outcome="Passed" testListId="8c84fa94-04c1-424b-9868-57a2d4851a1d" relativeResultsDirectory="8a5a34dd-fdfa-4175-a8de-b4fc44bca43c" />
    <UnitTestResult executionId="aa0174c7-22e0-43e0-8c3f-c3b83e5ed2f3" testId="f9d92bc5-c492-cd9d-1999-196a6f12ac08" testName="MyApp.Tests.Unit.Application.IngestBillingRecordHandlerTests.Handle_UnknownProvider_ThrowsArgumentException" computerName="VIGNESH" duration="00:00:00.0105897" startTime="2026-03-31T01:11:38.5089455+05:30" endTime="2026-03-31T01:11:38.5193942+05:30" testType="13cdc9d9-ddb5-4fa4-a97d-d965ccfc6d4b" outcome="Passed" testListId="8c84fa94-04c1-424b-9868-57a2d4851a1d" relativeResultsDirectory="aa0174c7-22e0-43e0-8c3f-c3b83e5ed2f3" />
    <UnitTestResult executionId="3417c3af-6d78-4aa5-bc36-a7c785df7b94" testId="9ebdf137-cb76-53a1-a300-c1e0846e2257" testName="MyApp.Tests.Unit.Application.IngestBillingRecordHandlerTests.Handle_ValidCommand_ReturnsIngestionResponse" computerName="VIGNESH" duration="00:00:00.2176754" startTime="2026-03-31T01:11:38.2886765+05:30" endTime="2026-03-31T01:11:38.5085898+05:30" testType="13cdc9d9-ddb5-4fa4-a97d-d965ccfc6d4b" outcome="Passed" testListId="8c84fa94-04c1-424b-9868-57a2d4851a1d" relativeResultsDirectory="3417c3af-6d78-4aa5-bc36-a7c785df7b94" />
    <UnitTestResult executionId="9d33b883-4c7e-4da7-bd5a-a692348a2ade" testId="ab243447-8361-4231-50bb-41b1e7ab4dce" testName="MyApp.Tests.Unit.Application.IngestionRequestValidatorTests.ValidProvider_ShouldPassValidation(provider: &quot;GCP&quot;)" computerName="VIGNESH" duration="00:00:00.0012877" startTime="2026-03-31T01:11:38.3858251+05:30" endTime="2026-03-31T01:11:38.3859521+05:30" testType="13cdc9d9-ddb5-4fa4-a97d-d965ccfc6d4b" outcome="Passed" testListId="8c84fa94-04c1-424b-9868-57a2d4851a1d" relativeResultsDirectory="9d33b883-4c7e-4da7-bd5a-a692348a2ade" />
    <UnitTestResult executionId="1c4c784b-27be-4a01-9d44-a9c62072f783" testId="d0672504-bec4-0921-ffec-a34c78230b53" testName="MyApp.Tests.Unit.Domain.BillingRecordTests.Create_WithPeriodStartAfterEnd_ShouldThrow" computerName="VIGNESH" duration="00:00:00.0367016" startTime="2026-03-31T01:11:38.4458680+05:30" endTime="2026-03-31T01:11:38.4460559+05:30" testType="13cdc9d9-ddb5-4fa4-a97d-d965ccfc6d4b" outcome="Passed" testListId="8c84fa94-04c1-424b-9868-57a2d4851a1d" relativeResultsDirectory="1c4c784b-27be-4a01-9d44-a9c62072f783" />
    <UnitTestResult executionId="3626acb0-c28b-4e10-b150-336172f65d4f" testId="b6f61dfc-9b48-b75e-f57c-fc942ac6ac51" testName="MyApp.Tests.Unit.Infrastructure.ProviderNormalizerTests.AzureNormalizer_ValidPayload_MapsCorrectly" computerName="VIGNESH" duration="00:00:00.0029979" startTime="2026-03-31T01:11:38.4443655+05:30" endTime="2026-03-31T01:11:38.4447035+05:30" testType="13cdc9d9-ddb5-4fa4-a97d-d965ccfc6d4b" outcome="Passed" testListId="8c84fa94-04c1-424b-9868-57a2d4851a1d" relativeResultsDirectory="3626acb0-c28b-4e10-b150-336172f65d4f" />
    <UnitTestResult executionId="510eda5b-ded1-481c-94b0-5b179cc705c7" testId="c0cd6b2b-9d28-b135-6c98-49992dff13e5" testName="MyApp.Tests.Integration.BillingRepositoryIntegrationTests.AddAsync_ThenGetById_ShouldReturnRecord" computerName="VIGNESH" duration="00:00:00.9679877" startTime="2026-03-31T01:11:38.2887009+05:30" endTime="2026-03-31T01:11:39.2595758+05:30" testType="13cdc9d9-ddb5-4fa4-a97d-d965ccfc6d4b" outcome="Passed" testListId="8c84fa94-04c1-424b-9868-57a2d4851a1d" relativeResultsDirectory="510eda5b-ded1-481c-94b0-5b179cc705c7" />
    <UnitTestResult executionId="3ccc61cd-b014-4eeb-83e9-2fa7af1a61e1" testId="4fe345ae-5387-c30c-99f1-7d77acc32460" testName="MyApp.Tests.Unit.Domain.BillingRecordTests.MarkNormalized_ShouldChangeStatusToNormalized" computerName="VIGNESH" duration="00:00:00.0042293" startTime="2026-03-31T01:11:38.4445114+05:30" endTime="2026-03-31T01:11:38.4455478+05:30" testType="13cdc9d9-ddb5-4fa4-a97d-d965ccfc6d4b" outcome="Passed" testListId="8c84fa94-04c1-424b-9868-57a2d4851a1d" relativeResultsDirectory="3ccc61cd-b014-4eeb-83e9-2fa7af1a61e1" />
    <UnitTestResult executionId="d1eaa163-106e-4a63-9d33-268df497310b" testId="bc685d4e-7a34-a97a-0895-b7a0f0a876ff" testName="MyApp.Tests.Unit.Domain.BillingRecordTests.MoneyAmount_NegativeAmount_ShouldThrow" computerName="VIGNESH" duration="00:00:00.0010441" startTime="2026-03-31T01:11:38.4462885+05:30" endTime="2026-03-31T01:11:38.4463856+05:30" testType="13cdc9d9-ddb5-4fa4-a97d-d965ccfc6d4b" outcome="Passed" testListId="8c84fa94-04c1-424b-9868-57a2d4851a1d" relativeResultsDirectory="d1eaa163-106e-4a63-9d33-268df497310b" />
    <UnitTestResult executionId="6174757a-82c0-4027-b57f-b251a99acb31" testId="cf6d13c6-9793-c0ca-2637-5c5eb62bc7d0" testName="MyApp.Tests.Unit.Application.IngestionRequestValidatorTests.EmptyAccountId_ShouldFailValidation" computerName="VIGNESH" duration="00:00:00.0012407" startTime="2026-03-31T01:11:38.4566384+05:30" endTime="2026-03-31T01:11:38.4567255+05:30" testType="13cdc9d9-ddb5-4fa4-a97d-d965ccfc6d4b" outcome="Passed" testListId="8c84fa94-04c1-424b-9868-57a2d4851a1d" relativeResultsDirectory="6174757a-82c0-4027-b57f-b251a99acb31" />
    <UnitTestResult executionId="0735c82a-f642-4a26-b80f-e0ec018ec5dd" testId="37c7fb8b-2df0-02cc-68f5-cb167c587751" testName="MyApp.Tests.Unit.Domain.BillingRecordTests.MoneyAmount_AddDifferentCurrencies_ShouldThrow" computerName="VIGNESH" duration="00:00:00.0022768" startTime="2026-03-31T01:11:38.4468517+05:30" endTime="2026-03-31T01:11:38.4469529+05:30" testType="13cdc9d9-ddb5-4fa4-a97d-d965ccfc6d4b" outcome="Passed" testListId="8c84fa94-04c1-424b-9868-57a2d4851a1d" relativeResultsDirectory="0735c82a-f642-4a26-b80f-e0ec018ec5dd" />
    <UnitTestResult executionId="42cc2c6e-2843-4798-9aef-72276d7907f1" testId="e8ab392d-1e86-617f-aa82-ca7ad20818b5" testName="MyApp.Tests.Unit.Application.IngestionRequestValidatorTests.LongCorrelationId_ShouldFailValidation" computerName="VIGNESH" duration="00:00:00.0013135" startTime="2026-03-31T01:11:38.4569717+05:30" endTime="2026-03-31T01:11:38.4570606+05:30" testType="13cdc9d9-ddb5-4fa4-a97d-d965ccfc6d4b" outcome="Passed" testListId="8c84fa94-04c1-424b-9868-57a2d4851a1d" relativeResultsDirectory="42cc2c6e-2843-4798-9aef-72276d7907f1" />
    <UnitTestResult executionId="03a64203-c8e9-46cd-ba79-0781cd73042c" testId="808f31ab-abd1-0b50-6936-2eff6833f378" testName="MyApp.Tests.Unit.Application.IngestBillingRecordHandlerTests.Handle_NormalizerNotFound_PropagatesException" computerName="VIGNESH" duration="00:00:00.0051323" startTime="2026-03-31T01:11:38.5197886+05:30" endTime="2026-03-31T01:11:38.5246241+05:30" testType="13cdc9d9-ddb5-4fa4-a97d-d965ccfc6d4b" outcome="Passed" testListId="8c84fa94-04c1-424b-9868-57a2d4851a1d" relativeResultsDirectory="03a64203-c8e9-46cd-ba79-0781cd73042c" />
    <UnitTestResult executionId="55eb5ff2-86ba-493c-8c7a-a48d6cb54952" testId="4541e8d8-867c-c2c5-4cc7-700f3238269d" testName="MyApp.Tests.Unit.Application.IngestionRequestValidatorTests.EmptyRawPayload_ShouldFailValidation" computerName="VIGNESH" duration="00:00:00.0011050" startTime="2026-03-31T01:11:38.4573153+05:30" endTime="2026-03-31T01:11:38.4574104+05:30" testType="13cdc9d9-ddb5-4fa4-a97d-d965ccfc6d4b" outcome="Passed" testListId="8c84fa94-04c1-424b-9868-57a2d4851a1d" relativeResultsDirectory="55eb5ff2-86ba-493c-8c7a-a48d6cb54952" />
    <UnitTestResult executionId="5590cff2-d2bc-4cc5-8eab-6088cc68c793" testId="f9cd932d-9ca4-61e8-905d-6e9737463020" testName="MyApp.Tests.Unit.Application.IngestionRequestValidatorTests.InvalidProvider_ShouldFailValidation(provider: &quot;&quot;)" computerName="VIGNESH" duration="00:00:00.0526628" startTime="2026-03-31T01:11:38.4445836+05:30" endTime="2026-03-31T01:11:38.4526441+05:30" testType="13cdc9d9-ddb5-4fa4-a97d-d965ccfc6d4b" outcome="Passed" testListId="8c84fa94-04c1-424b-9868-57a2d4851a1d" relativeResultsDirectory="5590cff2-d2bc-4cc5-8eab-6088cc68c793" />
    <UnitTestResult executionId="6e2a5b53-7403-4032-b321-f70960402068" testId="792caf33-51c1-cc4f-ea2f-94273ae374fc" testName="MyApp.Tests.Unit.Domain.BillingRecordTests.Create_ShouldRaiseBillingRecordIngestedEvent" computerName="VIGNESH" duration="00:00:00.0440458" startTime="2026-03-31T01:11:38.2885898+05:30" endTime="2026-03-31T01:11:38.3487002+05:30" testType="13cdc9d9-ddb5-4fa4-a97d-d965ccfc6d4b" outcome="Passed" testListId="8c84fa94-04c1-424b-9868-57a2d4851a1d" relativeResultsDirectory="6e2a5b53-7403-4032-b321-f70960402068" />
    <UnitTestResult executionId="fd765df1-285c-46ce-8f7d-c324df552046" testId="2f54f66c-23cd-56c9-5586-478f95a3cd42" testName="MyApp.Tests.Integration.BillingRepositoryIntegrationTests.GetPagedAsync_Pagination_ShouldRespectPageSize" computerName="VIGNESH" duration="00:00:00.0279195" startTime="2026-03-31T01:11:39.5459855+05:30" endTime="2026-03-31T01:11:39.5740186+05:30" testType="13cdc9d9-ddb5-4fa4-a97d-d965ccfc6d4b" outcome="Passed" testListId="8c84fa94-04c1-424b-9868-57a2d4851a1d" relativeResultsDirectory="fd765df1-285c-46ce-8f7d-c324df552046" />
    <UnitTestResult executionId="3504cf9a-4391-413a-9c48-2c9195e958b1" testId="bce095b6-4cd4-4cc3-f0d9-1c455c1099cd" testName="MyApp.Tests.Unit.Application.IngestionRequestValidatorTests.InvalidProvider_ShouldFailValidation(provider: &quot;Unknown&quot;)" computerName="VIGNESH" duration="00:00:00.0005800" startTime="2026-03-31T01:11:38.4563814+05:30" endTime="2026-03-31T01:11:38.4564550+05:30" testType="13cdc9d9-ddb5-4fa4-a97d-d965ccfc6d4b" outcome="Passed" testListId="8c84fa94-04c1-424b-9868-57a2d4851a1d" relativeResultsDirectory="3504cf9a-4391-413a-9c48-2c9195e958b1" />
    <UnitTestResult executionId="a6a6fed6-d7b5-4a11-93dd-ba4dc914b219" testId="0afba4c0-4cf4-503d-0d6f-c4b6091a9f14" testName="MyApp.Tests.E2E.BillingIngestionE2ETests.HealthCheck_ShouldBeHealthy" computerName="VIGNESH" duration="00:00:00.0010000" startTime="2026-03-31T01:11:38.6499732+05:30" endTime="2026-03-31T01:11:38.6500430+05:30" testType="13cdc9d9-ddb5-4fa4-a97d-d965ccfc6d4b" outcome="Failed" testListId="8c84fa94-04c1-424b-9868-57a2d4851a1d" relativeResultsDirectory="a6a6fed6-d7b5-4a11-93dd-ba4dc914b219">
      <Output>
        <ErrorInfo>
          <Message>Class fixture type 'MyApp.Tests.E2E.CustomWebApplicationFactory' threw in its constructor&#xD;
---- System.ArgumentException : Docker is either not running or misconfigured. Please ensure that Docker is running and that the endpoint is properly configured. You can customize your configuration using either the environment variables or the ~/.testcontainers.properties file. For more information, visit:
https://dotnet.testcontainers.org/custom_configuration/ (Parameter 'DockerEndpointAuthConfig')</Message>
          <StackTrace>&#xD;
----- Inner Stack Trace -----&#xD;
   at DotNet.Testcontainers.Guard.ThrowIf[TType](ArgumentInfo`1&amp; argument, Func`2 condition, Func`2 ifClause) in /_/src/Testcontainers/Guard.Null.cs:line 62&#xD;
   at DotNet.Testcontainers.Builders.AbstractBuilder`4.Validate() in /_/src/Testcontainers/Builders/AbstractBuilder`4.cs:line 145&#xD;
   at DotNet.Testcontainers.Builders.ContainerBuilder`3.Validate() in /_/src/Testcontainers/Builders/ContainerBuilder`3.cs:line 405&#xD;
   at Testcontainers.PostgreSql.PostgreSqlBuilder.Validate() in /_/src/Testcontainers.PostgreSql/PostgreSqlBuilder.cs:line 101&#xD;
   at Testcontainers.PostgreSql.PostgreSqlBuilder.Build() in /_/src/Testcontainers.PostgreSql/PostgreSqlBuilder.cs:line 75&#xD;
   at MyApp.Tests.E2E.CustomWebApplicationFactory..ctor() in D:\Repositories\aspnet-enterprise-api\MyApp.Tests\E2E\CustomWebApplicationFactory.cs:line 17&#xD;
   at System.Reflection.MethodBaseInvoker.InterpretedInvoke_Constructor(Object obj, IntPtr* args)&#xD;
   at System.Reflection.MethodBaseInvoker.InvokeWithNoArgs(Object obj, BindingFlags invokeAttr)</StackTrace>
        </ErrorInfo>
      </Output>
    </UnitTestResult>
    <UnitTestResult executionId="e4ad6627-5c32-4026-aadd-bc5c44bcc5cc" testId="2ef0688f-b8b9-e5d5-be58-aeb868048589" testName="MyApp.Tests.Unit.Application.IngestionRequestValidatorTests.InvalidProvider_ShouldFailValidation(provider: &quot;DIGITALOCEAN&quot;)" computerName="VIGNESH" duration="00:00:00.0010968" startTime="2026-03-31T01:11:38.4560478+05:30" endTime="2026-03-31T01:11:38.4561814+05:30" testType="13cdc9d9-ddb5-4fa4-a97d-d965ccfc6d4b" outcome="Passed" testListId="8c84fa94-04c1-424b-9868-57a2d4851a1d" relativeResultsDirectory="e4ad6627-5c32-4026-aadd-bc5c44bcc5cc" />
    <UnitTestResult executionId="2563f762-38a3-4aa7-8daf-63b6affafd9c" testId="866b9624-ac5f-36ea-bc04-1821d039b53b" testName="MyApp.Tests.Unit.Infrastructure.ProviderNormalizerTests.AwsNormalizer_ValidPayload_MapsCorrectly" computerName="VIGNESH" duration="00:00:00.0604511" startTime="2026-03-31T01:11:38.4454024+05:30" endTime="2026-03-31T01:11:38.4576835+05:30" testType="13cdc9d9-ddb5-4fa4-a97d-d965ccfc6d4b" outcome="Passed" testListId="8c84fa94-04c1-424b-9868-57a2d4851a1d" relativeResultsDirectory="2563f762-38a3-4aa7-8daf-63b6affafd9c" />
    <UnitTestResult executionId="e134a6ac-5557-4f01-863b-427132563519" testId="c55fca72-35f3-2d6c-60d0-59b78ba3aebf" testName="MyApp.Tests.Unit.Application.IngestionRequestValidatorTests.ValidProvider_ShouldPassValidation(provider: &quot;AWS&quot;)" computerName="VIGNESH" duration="00:00:00.0552890" startTime="2026-03-31T01:11:38.2847135+05:30" endTime="2026-03-31T01:11:38.3660823+05:30" testType="13cdc9d9-ddb5-4fa4-a97d-d965ccfc6d4b" outcome="Passed" testListId="8c84fa94-04c1-424b-9868-57a2d4851a1d" relativeResultsDirectory="e134a6ac-5557-4f01-863b-427132563519" />
  </Results>
  <TestDefinitions>
    <UnitTest name="MyApp.Tests.Unit.Application.IngestionRequestValidatorTests.ValidProvider_ShouldPassValidation(provider: &quot;azure&quot;)" storage="d:\repositories\aspnet-enterprise-api\myapp.tests\bin\debug\net10.0\myapp.tests.dll" id="bbf69665-dfac-dae3-c346-85b45db8ff08">
      <Execution id="9689e8c5-1f7d-472a-a28e-c4981dac5f0e" />
      <TestMethod codeBase="D:\Repositories\aspnet-enterprise-api\MyApp.Tests\bin\Debug\net10.0\MyApp.Tests.dll" adapterTypeName="executor://xunit/VsTestRunner3/netcore/" className="MyApp.Tests.Unit.Application.IngestionRequestValidatorTests" name="ValidProvider_ShouldPassValidation" />
    </UnitTest>
    <UnitTest name="MyApp.Tests.E2E.BillingIngestionE2ETests.IngestRecord_NoToken_ShouldReturnUnauthorized" storage="d:\repositories\aspnet-enterprise-api\myapp.tests\bin\debug\net10.0\myapp.tests.dll" id="0be39199-3b08-b0da-777b-dbeea4cd5366">
      <Execution id="269ee3a0-15f5-42ae-a80a-feb76e689fef" />
      <TestMethod codeBase="D:\Repositories\aspnet-enterprise-api\MyApp.Tests\bin\Debug\net10.0\MyApp.Tests.dll" adapterTypeName="executor://xunit/VsTestRunner3/netcore/" className="MyApp.Tests.E2E.BillingIngestionE2ETests" name="IngestRecord_NoToken_ShouldReturnUnauthorized" />
    </UnitTest>
    <UnitTest name="MyApp.Tests.Unit.Domain.BillingRecordTests.Create_ShouldRaiseBillingRecordIngestedEvent" storage="d:\repositories\aspnet-enterprise-api\myapp.tests\bin\debug\net10.0\myapp.tests.dll" id="792caf33-51c1-cc4f-ea2f-94273ae374fc">
      <Execution id="6e2a5b53-7403-4032-b321-f70960402068" />
      <TestMethod codeBase="D:\Repositories\aspnet-enterprise-api\MyApp.Tests\bin\Debug\net10.0\MyApp.Tests.dll" adapterTypeName="executor://xunit/VsTestRunner3/netcore/" className="MyApp.Tests.Unit.Domain.BillingRecordTests" name="Create_ShouldRaiseBillingRecordIngestedEvent" />
    </UnitTest>
    <UnitTest name="MyApp.Tests.Unit.Domain.BillingRecordTests.MarkNormalized_ShouldChangeStatusToNormalized" storage="d:\repositories\aspnet-enterprise-api\myapp.tests\bin\debug\net10.0\myapp.tests.dll" id="4fe345ae-5387-c30c-99f1-7d77acc32460">
      <Execution id="3ccc61cd-b014-4eeb-83e9-2fa7af1a61e1" />
      <TestMethod codeBase="D:\Repositories\aspnet-enterprise-api\MyApp.Tests\bin\Debug\net10.0\MyApp.Tests.dll" adapterTypeName="executor://xunit/VsTestRunner3/netcore/" className="MyApp.Tests.Unit.Domain.BillingRecordTests" name="MarkNormalized_ShouldChangeStatusToNormalized" />
    </UnitTest>
    <UnitTest name="MyApp.Tests.Unit.Domain.BillingRecordTests.MarkFailed_ShouldSetFailureReason" storage="d:\repositories\aspnet-enterprise-api\myapp.tests\bin\debug\net10.0\myapp.tests.dll" id="a572cd6c-4cac-de1e-1a50-cb8f07c919fe">
      <Execution id="8209c126-0e92-42c8-890c-369455af7cc4" />
      <TestMethod codeBase="D:\Repositories\aspnet-enterprise-api\MyApp.Tests\bin\Debug\net10.0\MyApp.Tests.dll" adapterTypeName="executor://xunit/VsTestRunner3/netcore/" className="MyApp.Tests.Unit.Domain.BillingRecordTests" name="MarkFailed_ShouldSetFailureReason" />
    </UnitTest>
    <UnitTest name="MyApp.Tests.Unit.Application.IngestionRequestValidatorTests.LongCorrelationId_ShouldFailValidation" storage="d:\repositories\aspnet-enterprise-api\myapp.tests\bin\debug\net10.0\myapp.tests.dll" id="e8ab392d-1e86-617f-aa82-ca7ad20818b5">
      <Execution id="42cc2c6e-2843-4798-9aef-72276d7907f1" />
      <TestMethod codeBase="D:\Repositories\aspnet-enterprise-api\MyApp.Tests\bin\Debug\net10.0\MyApp.Tests.dll" adapterTypeName="executor://xunit/VsTestRunner3/netcore/" className="MyApp.Tests.Unit.Application.IngestionRequestValidatorTests" name="LongCorrelationId_ShouldFailValidation" />
    </UnitTest>
    <UnitTest name="MyApp.Tests.Unit.Infrastructure.ProviderNormalizerTests.GcpNormalizer_ValidPayload_MapsCorrectly" storage="d:\repositories\aspnet-enterprise-api\myapp.tests\bin\debug\net10.0\myapp.tests.dll" id="4e02aa24-9abe-29dc-8e4f-4e193960487f">
      <Execution id="8a5a34dd-fdfa-4175-a8de-b4fc44bca43c" />
      <TestMethod codeBase="D:\Repositories\aspnet-enterprise-api\MyApp.Tests\bin\Debug\net10.0\MyApp.Tests.dll" adapterTypeName="executor://xunit/VsTestRunner3/netcore/" className="MyApp.Tests.Unit.Infrastructure.ProviderNormalizerTests" name="GcpNormalizer_ValidPayload_MapsCorrectly" />
    </UnitTest>
    <UnitTest name="MyApp.Tests.Unit.Application.IngestionRequestValidatorTests.InvalidProvider_ShouldFailValidation(provider: &quot;&quot;)" storage="d:\repositories\aspnet-enterprise-api\myapp.tests\bin\debug\net10.0\myapp.tests.dll" id="f9cd932d-9ca4-61e8-905d-6e9737463020">
      <Execution id="5590cff2-d2bc-4cc5-8eab-6088cc68c793" />
      <TestMethod codeBase="D:\Repositories\aspnet-enterprise-api\MyApp.Tests\bin\Debug\net10.0\MyApp.Tests.dll" adapterTypeName="executor://xunit/VsTestRunner3/netcore/" className="MyApp.Tests.Unit.Application.IngestionRequestValidatorTests" name="InvalidProvider_ShouldFailValidation" />
    </UnitTest>
    <UnitTest name="MyApp.Tests.Unit.Application.IngestionRequestValidatorTests.InvalidProvider_ShouldFailValidation(provider: &quot;Unknown&quot;)" storage="d:\repositories\aspnet-enterprise-api\myapp.tests\bin\debug\net10.0\myapp.tests.dll" id="bce095b6-4cd4-4cc3-f0d9-1c455c1099cd">
      <Execution id="3504cf9a-4391-413a-9c48-2c9195e958b1" />
      <TestMethod codeBase="D:\Repositories\aspnet-enterprise-api\MyApp.Tests\bin\Debug\net10.0\MyApp.Tests.dll" adapterTypeName="executor://xunit/VsTestRunner3/netcore/" className="MyApp.Tests.Unit.Application.IngestionRequestValidatorTests" name="InvalidProvider_ShouldFailValidation" />
    </UnitTest>
    <UnitTest name="MyApp.Tests.Unit.Application.IngestionRequestValidatorTests.ValidProvider_ShouldPassValidation(provider: &quot;AWS&quot;)" storage="d:\repositories\aspnet-enterprise-api\myapp.tests\bin\debug\net10.0\myapp.tests.dll" id="c55fca72-35f3-2d6c-60d0-59b78ba3aebf">
      <Execution id="e134a6ac-5557-4f01-863b-427132563519" />
      <TestMethod codeBase="D:\Repositories\aspnet-enterprise-api\MyApp.Tests\bin\Debug\net10.0\MyApp.Tests.dll" adapterTypeName="executor://xunit/VsTestRunner3/netcore/" className="MyApp.Tests.Unit.Application.IngestionRequestValidatorTests" name="ValidProvider_ShouldPassValidation" />
    </UnitTest>
    <UnitTest name="MyApp.Tests.Unit.Domain.BillingRecordTests.MoneyAmount_NegativeAmount_ShouldThrow" storage="d:\repositories\aspnet-enterprise-api\myapp.tests\bin\debug\net10.0\myapp.tests.dll" id="bc685d4e-7a34-a97a-0895-b7a0f0a876ff">
      <Execution id="d1eaa163-106e-4a63-9d33-268df497310b" />
      <TestMethod codeBase="D:\Repositories\aspnet-enterprise-api\MyApp.Tests\bin\Debug\net10.0\MyApp.Tests.dll" adapterTypeName="executor://xunit/VsTestRunner3/netcore/" className="MyApp.Tests.Unit.Domain.BillingRecordTests" name="MoneyAmount_NegativeAmount_ShouldThrow" />
    </UnitTest>
    <UnitTest name="MyApp.Tests.Unit.Application.IngestionRequestValidatorTests.InvalidProvider_ShouldFailValidation(provider: &quot;DIGITALOCEAN&quot;)" storage="d:\repositories\aspnet-enterprise-api\myapp.tests\bin\debug\net10.0\myapp.tests.dll" id="2ef0688f-b8b9-e5d5-be58-aeb868048589">
      <Execution id="e4ad6627-5c32-4026-aadd-bc5c44bcc5cc" />
      <TestMethod codeBase="D:\Repositories\aspnet-enterprise-api\MyApp.Tests\bin\Debug\net10.0\MyApp.Tests.dll" adapterTypeName="executor://xunit/VsTestRunner3/netcore/" className="MyApp.Tests.Unit.Application.IngestionRequestValidatorTests" name="InvalidProvider_ShouldFailValidation" />
    </UnitTest>
    <UnitTest name="MyApp.Tests.Unit.Application.IngestBillingRecordHandlerTests.Handle_UnknownProvider_ThrowsArgumentException" storage="d:\repositories\aspnet-enterprise-api\myapp.tests\bin\debug\net10.0\myapp.tests.dll" id="f9d92bc5-c492-cd9d-1999-196a6f12ac08">
      <Execution id="aa0174c7-22e0-43e0-8c3f-c3b83e5ed2f3" />
      <TestMethod codeBase="D:\Repositories\aspnet-enterprise-api\MyApp.Tests\bin\Debug\net10.0\MyApp.Tests.dll" adapterTypeName="executor://xunit/VsTestRunner3/netcore/" className="MyApp.Tests.Unit.Application.IngestBillingRecordHandlerTests" name="Handle_UnknownProvider_ThrowsArgumentException" />
    </UnitTest>
    <UnitTest name="MyApp.Tests.Integration.BillingRepositoryIntegrationTests.GetPagedAsync_FilterByProvider_ShouldReturnOnlyMatching" storage="d:\repositories\aspnet-enterprise-api\myapp.tests\bin\debug\net10.0\myapp.tests.dll" id="091e83fd-3a3c-3002-d5b9-0864ff87c57f">
      <Execution id="01e374d9-e892-44cc-aeff-42681081e48d" />
      <TestMethod codeBase="D:\Repositories\aspnet-enterprise-api\MyApp.Tests\bin\Debug\net10.0\MyApp.Tests.dll" adapterTypeName="executor://xunit/VsTestRunner3/netcore/" className="MyApp.Tests.Integration.BillingRepositoryIntegrationTests" name="GetPagedAsync_FilterByProvider_ShouldReturnOnlyMatching" />
    </UnitTest>
    <UnitTest name="MyApp.Tests.Integration.BillingRepositoryIntegrationTests.AddAsync_ThenGetById_ShouldReturnRecord" storage="d:\repositories\aspnet-enterprise-api\myapp.tests\bin\debug\net10.0\myapp.tests.dll" id="c0cd6b2b-9d28-b135-6c98-49992dff13e5">
      <Execution id="510eda5b-ded1-481c-94b0-5b179cc705c7" />
      <TestMethod codeBase="D:\Repositories\aspnet-enterprise-api\MyApp.Tests\bin\Debug\net10.0\MyApp.Tests.dll" adapterTypeName="executor://xunit/VsTestRunner3/netcore/" className="MyApp.Tests.Integration.BillingRepositoryIntegrationTests" name="AddAsync_ThenGetById_ShouldReturnRecord" />
    </UnitTest>
    <UnitTest name="MyApp.Tests.Unit.Application.IngestionRequestValidatorTests.ValidProvider_ShouldPassValidation(provider: &quot;GCP&quot;)" storage="d:\repositories\aspnet-enterprise-api\myapp.tests\bin\debug\net10.0\myapp.tests.dll" id="ab243447-8361-4231-50bb-41b1e7ab4dce">
      <Execution id="9d33b883-4c7e-4da7-bd5a-a692348a2ade" />
      <TestMethod codeBase="D:\Repositories\aspnet-enterprise-api\MyApp.Tests\bin\Debug\net10.0\MyApp.Tests.dll" adapterTypeName="executor://xunit/VsTestRunner3/netcore/" className="MyApp.Tests.Unit.Application.IngestionRequestValidatorTests" name="ValidProvider_ShouldPassValidation" />
    </UnitTest>
    <UnitTest name="MyApp.Tests.E2E.BillingIngestionE2ETests.HealthCheck_ShouldBeHealthy" storage="d:\repositories\aspnet-enterprise-api\myapp.tests\bin\debug\net10.0\myapp.tests.dll" id="0afba4c0-4cf4-503d-0d6f-c4b6091a9f14">
      <Execution id="a6a6fed6-d7b5-4a11-93dd-ba4dc914b219" />
      <TestMethod codeBase="D:\Repositories\aspnet-enterprise-api\MyApp.Tests\bin\Debug\net10.0\MyApp.Tests.dll" adapterTypeName="executor://xunit/VsTestRunner3/netcore/" className="MyApp.Tests.E2E.BillingIngestionE2ETests" name="HealthCheck_ShouldBeHealthy" />
    </UnitTest>
    <UnitTest name="MyApp.Tests.Unit.Infrastructure.ProviderNormalizerTests.AzureNormalizer_ValidPayload_MapsCorrectly" storage="d:\repositories\aspnet-enterprise-api\myapp.tests\bin\debug\net10.0\myapp.tests.dll" id="b6f61dfc-9b48-b75e-f57c-fc942ac6ac51">
      <Execution id="3626acb0-c28b-4e10-b150-336172f65d4f" />
      <TestMethod codeBase="D:\Repositories\aspnet-enterprise-api\MyApp.Tests\bin\Debug\net10.0\MyApp.Tests.dll" adapterTypeName="executor://xunit/VsTestRunner3/netcore/" className="MyApp.Tests.Unit.Infrastructure.ProviderNormalizerTests" name="AzureNormalizer_ValidPayload_MapsCorrectly" />
    </UnitTest>
    <UnitTest name="MyApp.Tests.Integration.BillingRepositoryIntegrationTests.GetPagedAsync_Pagination_ShouldRespectPageSize" storage="d:\repositories\aspnet-enterprise-api\myapp.tests\bin\debug\net10.0\myapp.tests.dll" id="2f54f66c-23cd-56c9-5586-478f95a3cd42">
      <Execution id="fd765df1-285c-46ce-8f7d-c324df552046" />
      <TestMethod codeBase="D:\Repositories\aspnet-enterprise-api\MyApp.Tests\bin\Debug\net10.0\MyApp.Tests.dll" adapterTypeName="executor://xunit/VsTestRunner3/netcore/" className="MyApp.Tests.Integration.BillingRepositoryIntegrationTests" name="GetPagedAsync_Pagination_ShouldRespectPageSize" />
    </UnitTest>
    <UnitTest name="MyApp.Tests.Unit.Application.IngestionRequestValidatorTests.EmptyAccountId_ShouldFailValidation" storage="d:\repositories\aspnet-enterprise-api\myapp.tests\bin\debug\net10.0\myapp.tests.dll" id="cf6d13c6-9793-c0ca-2637-5c5eb62bc7d0">
      <Execution id="6174757a-82c0-4027-b57f-b251a99acb31" />
      <TestMethod codeBase="D:\Repositories\aspnet-enterprise-api\MyApp.Tests\bin\Debug\net10.0\MyApp.Tests.dll" adapterTypeName="executor://xunit/VsTestRunner3/netcore/" className="MyApp.Tests.Unit.Application.IngestionRequestValidatorTests" name="EmptyAccountId_ShouldFailValidation" />
    </UnitTest>
    <UnitTest name="MyApp.Tests.Unit.Infrastructure.ProviderNormalizerTests.AwsNormalizer_ValidPayload_MapsCorrectly" storage="d:\repositories\aspnet-enterprise-api\myapp.tests\bin\debug\net10.0\myapp.tests.dll" id="866b9624-ac5f-36ea-bc04-1821d039b53b">
      <Execution id="2563f762-38a3-4aa7-8daf-63b6affafd9c" />
      <TestMethod codeBase="D:\Repositories\aspnet-enterprise-api\MyApp.Tests\bin\Debug\net10.0\MyApp.Tests.dll" adapterTypeName="executor://xunit/VsTestRunner3/netcore/" className="MyApp.Tests.Unit.Infrastructure.ProviderNormalizerTests" name="AwsNormalizer_ValidPayload_MapsCorrectly" />
    </UnitTest>
    <UnitTest name="MyApp.Tests.Unit.Domain.BillingRecordTests.Create_WithPeriodStartAfterEnd_ShouldThrow" storage="d:\repositories\aspnet-enterprise-api\myapp.tests\bin\debug\net10.0\myapp.tests.dll" id="d0672504-bec4-0921-ffec-a34c78230b53">
      <Execution id="1c4c784b-27be-4a01-9d44-a9c62072f783" />
      <TestMethod codeBase="D:\Repositories\aspnet-enterprise-api\MyApp.Tests\bin\Debug\net10.0\MyApp.Tests.dll" adapterTypeName="executor://xunit/VsTestRunner3/netcore/" className="MyApp.Tests.Unit.Domain.BillingRecordTests" name="Create_WithPeriodStartAfterEnd_ShouldThrow" />
    </UnitTest>
    <UnitTest name="MyApp.Tests.Unit.Application.IngestBillingRecordHandlerTests.Handle_ValidCommand_ReturnsIngestionResponse" storage="d:\repositories\aspnet-enterprise-api\myapp.tests\bin\debug\net10.0\myapp.tests.dll" id="9ebdf137-cb76-53a1-a300-c1e0846e2257">
      <Execution id="3417c3af-6d78-4aa5-bc36-a7c785df7b94" />
      <TestMethod codeBase="D:\Repositories\aspnet-enterprise-api\MyApp.Tests\bin\Debug\net10.0\MyApp.Tests.dll" adapterTypeName="executor://xunit/VsTestRunner3/netcore/" className="MyApp.Tests.Unit.Application.IngestBillingRecordHandlerTests" name="Handle_ValidCommand_ReturnsIngestionResponse" />
    </UnitTest>
    <UnitTest name="MyApp.Tests.Unit.Domain.BillingRecordTests.Create_WithValidData_ShouldSetPendingStatus" storage="d:\repositories\aspnet-enterprise-api\myapp.tests\bin\debug\net10.0\myapp.tests.dll" id="b5477b3d-7351-1fe8-ebc4-add6a958478f">
      <Execution id="4c887b75-21a7-4c03-84f4-972d79c0b287" />
      <TestMethod codeBase="D:\Repositories\aspnet-enterprise-api\MyApp.Tests\bin\Debug\net10.0\MyApp.Tests.dll" adapterTypeName="executor://xunit/VsTestRunner3/netcore/" className="MyApp.Tests.Unit.Domain.BillingRecordTests" name="Create_WithValidData_ShouldSetPendingStatus" />
    </UnitTest>
    <UnitTest name="MyApp.Tests.Unit.Domain.BillingRecordTests.MoneyAmount_AddDifferentCurrencies_ShouldThrow" storage="d:\repositories\aspnet-enterprise-api\myapp.tests\bin\debug\net10.0\myapp.tests.dll" id="37c7fb8b-2df0-02cc-68f5-cb167c587751">
      <Execution id="0735c82a-f642-4a26-b80f-e0ec018ec5dd" />
      <TestMethod codeBase="D:\Repositories\aspnet-enterprise-api\MyApp.Tests\bin\Debug\net10.0\MyApp.Tests.dll" adapterTypeName="executor://xunit/VsTestRunner3/netcore/" className="MyApp.Tests.Unit.Domain.BillingRecordTests" name="MoneyAmount_AddDifferentCurrencies_ShouldThrow" />
    </UnitTest>
    <UnitTest name="MyApp.Tests.Unit.Application.IngestionRequestValidatorTests.EmptyRawPayload_ShouldFailValidation" storage="d:\repositories\aspnet-enterprise-api\myapp.tests\bin\debug\net10.0\myapp.tests.dll" id="4541e8d8-867c-c2c5-4cc7-700f3238269d">
      <Execution id="55eb5ff2-86ba-493c-8c7a-a48d6cb54952" />
      <TestMethod codeBase="D:\Repositories\aspnet-enterprise-api\MyApp.Tests\bin\Debug\net10.0\MyApp.Tests.dll" adapterTypeName="executor://xunit/VsTestRunner3/netcore/" className="MyApp.Tests.Unit.Application.IngestionRequestValidatorTests" name="EmptyRawPayload_ShouldFailValidation" />
    </UnitTest>
    <UnitTest name="MyApp.Tests.Integration.BillingRepositoryIntegrationTests.UpdateAsync_ShouldPersistStatusChange" storage="d:\repositories\aspnet-enterprise-api\myapp.tests\bin\debug\net10.0\myapp.tests.dll" id="5d5a0a2a-a837-ec98-e983-9292974fde6f">
      <Execution id="deeddddd-a09e-47de-a6f6-91ecb9c053af" />
      <TestMethod codeBase="D:\Repositories\aspnet-enterprise-api\MyApp.Tests\bin\Debug\net10.0\MyApp.Tests.dll" adapterTypeName="executor://xunit/VsTestRunner3/netcore/" className="MyApp.Tests.Integration.BillingRepositoryIntegrationTests" name="UpdateAsync_ShouldPersistStatusChange" />
    </UnitTest>
    <UnitTest name="MyApp.Tests.Unit.Application.IngestBillingRecordHandlerTests.Handle_NormalizerNotFound_PropagatesException" storage="d:\repositories\aspnet-enterprise-api\myapp.tests\bin\debug\net10.0\myapp.tests.dll" id="808f31ab-abd1-0b50-6936-2eff6833f378">
      <Execution id="03a64203-c8e9-46cd-ba79-0781cd73042c" />
      <TestMethod codeBase="D:\Repositories\aspnet-enterprise-api\MyApp.Tests\bin\Debug\net10.0\MyApp.Tests.dll" adapterTypeName="executor://xunit/VsTestRunner3/netcore/" className="MyApp.Tests.Unit.Application.IngestBillingRecordHandlerTests" name="Handle_NormalizerNotFound_PropagatesException" />
    </UnitTest>
  </TestDefinitions>
  <TestEntries>
    <TestEntry testId="bbf69665-dfac-dae3-c346-85b45db8ff08" executionId="9689e8c5-1f7d-472a-a28e-c4981dac5f0e" testListId="8c84fa94-04c1-424b-9868-57a2d4851a1d" />
    <TestEntry testId="b5477b3d-7351-1fe8-ebc4-add6a958478f" executionId="4c887b75-21a7-4c03-84f4-972d79c0b287" testListId="8c84fa94-04c1-424b-9868-57a2d4851a1d" />
    <TestEntry testId="0be39199-3b08-b0da-777b-dbeea4cd5366" executionId="269ee3a0-15f5-42ae-a80a-feb76e689fef" testListId="8c84fa94-04c1-424b-9868-57a2d4851a1d" />
    <TestEntry testId="5d5a0a2a-a837-ec98-e983-9292974fde6f" executionId="deeddddd-a09e-47de-a6f6-91ecb9c053af" testListId="8c84fa94-04c1-424b-9868-57a2d4851a1d" />
    <TestEntry testId="091e83fd-3a3c-3002-d5b9-0864ff87c57f" executionId="01e374d9-e892-44cc-aeff-42681081e48d" testListId="8c84fa94-04c1-424b-9868-57a2d4851a1d" />
    <TestEntry testId="a572cd6c-4cac-de1e-1a50-cb8f07c919fe" executionId="8209c126-0e92-42c8-890c-369455af7cc4" testListId="8c84fa94-04c1-424b-9868-57a2d4851a1d" />
    <TestEntry testId="4e02aa24-9abe-29dc-8e4f-4e193960487f" executionId="8a5a34dd-fdfa-4175-a8de-b4fc44bca43c" testListId="8c84fa94-04c1-424b-9868-57a2d4851a1d" />
    <TestEntry testId="f9d92bc5-c492-cd9d-1999-196a6f12ac08" executionId="aa0174c7-22e0-43e0-8c3f-c3b83e5ed2f3" testListId="8c84fa94-04c1-424b-9868-57a2d4851a1d" />
    <TestEntry testId="9ebdf137-cb76-53a1-a300-c1e0846e2257" executionId="3417c3af-6d78-4aa5-bc36-a7c785df7b94" testListId="8c84fa94-04c1-424b-9868-57a2d4851a1d" />
    <TestEntry testId="ab243447-8361-4231-50bb-41b1e7ab4dce" executionId="9d33b883-4c7e-4da7-bd5a-a692348a2ade" testListId="8c84fa94-04c1-424b-9868-57a2d4851a1d" />
    <TestEntry testId="d0672504-bec4-0921-ffec-a34c78230b53" executionId="1c4c784b-27be-4a01-9d44-a9c62072f783" testListId="8c84fa94-04c1-424b-9868-57a2d4851a1d" />
    <TestEntry testId="b6f61dfc-9b48-b75e-f57c-fc942ac6ac51" executionId="3626acb0-c28b-4e10-b150-336172f65d4f" testListId="8c84fa94-04c1-424b-9868-57a2d4851a1d" />
    <TestEntry testId="c0cd6b2b-9d28-b135-6c98-49992dff13e5" executionId="510eda5b-ded1-481c-94b0-5b179cc705c7" testListId="8c84fa94-04c1-424b-9868-57a2d4851a1d" />
    <TestEntry testId="4fe345ae-5387-c30c-99f1-7d77acc32460" executionId="3ccc61cd-b014-4eeb-83e9-2fa7af1a61e1" testListId="8c84fa94-04c1-424b-9868-57a2d4851a1d" />
    <TestEntry testId="bc685d4e-7a34-a97a-0895-b7a0f0a876ff" executionId="d1eaa163-106e-4a63-9d33-268df497310b" testListId="8c84fa94-04c1-424b-9868-57a2d4851a1d" />
    <TestEntry testId="cf6d13c6-9793-c0ca-2637-5c5eb62bc7d0" executionId="6174757a-82c0-4027-b57f-b251a99acb31" testListId="8c84fa94-04c1-424b-9868-57a2d4851a1d" />
    <TestEntry testId="37c7fb8b-2df0-02cc-68f5-cb167c587751" executionId="0735c82a-f642-4a26-b80f-e0ec018ec5dd" testListId="8c84fa94-04c1-424b-9868-57a2d4851a1d" />
    <TestEntry testId="e8ab392d-1e86-617f-aa82-ca7ad20818b5" executionId="42cc2c6e-2843-4798-9aef-72276d7907f1" testListId="8c84fa94-04c1-424b-9868-57a2d4851a1d" />
    <TestEntry testId="808f31ab-abd1-0b50-6936-2eff6833f378" executionId="03a64203-c8e9-46cd-ba79-0781cd73042c" testListId="8c84fa94-04c1-424b-9868-57a2d4851a1d" />
    <TestEntry testId="4541e8d8-867c-c2c5-4cc7-700f3238269d" executionId="55eb5ff2-86ba-493c-8c7a-a48d6cb54952" testListId="8c84fa94-04c1-424b-9868-57a2d4851a1d" />
    <TestEntry testId="f9cd932d-9ca4-61e8-905d-6e9737463020" executionId="5590cff2-d2bc-4cc5-8eab-6088cc68c793" testListId="8c84fa94-04c1-424b-9868-57a2d4851a1d" />
    <TestEntry testId="792caf33-51c1-cc4f-ea2f-94273ae374fc" executionId="6e2a5b53-7403-4032-b321-f70960402068" testListId="8c84fa94-04c1-424b-9868-57a2d4851a1d" />
    <TestEntry testId="2f54f66c-23cd-56c9-5586-478f95a3cd42" executionId="fd765df1-285c-46ce-8f7d-c324df552046" testListId="8c84fa94-04c1-424b-9868-57a2d4851a1d" />
    <TestEntry testId="bce095b6-4cd4-4cc3-f0d9-1c455c1099cd" executionId="3504cf9a-4391-413a-9c48-2c9195e958b1" testListId="8c84fa94-04c1-424b-9868-57a2d4851a1d" />
    <TestEntry testId="0afba4c0-4cf4-503d-0d6f-c4b6091a9f14" executionId="a6a6fed6-d7b5-4a11-93dd-ba4dc914b219" testListId="8c84fa94-04c1-424b-9868-57a2d4851a1d" />
    <TestEntry testId="2ef0688f-b8b9-e5d5-be58-aeb868048589" executionId="e4ad6627-5c32-4026-aadd-bc5c44bcc5cc" testListId="8c84fa94-04c1-424b-9868-57a2d4851a1d" />
    <TestEntry testId="866b9624-ac5f-36ea-bc04-1821d039b53b" executionId="2563f762-38a3-4aa7-8daf-63b6affafd9c" testListId="8c84fa94-04c1-424b-9868-57a2d4851a1d" />
    <TestEntry testId="c55fca72-35f3-2d6c-60d0-59b78ba3aebf" executionId="e134a6ac-5557-4f01-863b-427132563519" testListId="8c84fa94-04c1-424b-9868-57a2d4851a1d" />
  </TestEntries>
  <TestLists>
    <TestList name="Results Not in a List" id="8c84fa94-04c1-424b-9868-57a2d4851a1d" />
    <TestList name="All Loaded Results" id="19431567-8539-422a-85d7-44ee4e166bda" />
  </TestLists>
  <ResultSummary outcome="Failed">
    <Counters total="28" executed="28" passed="26" failed="2" error="0" timeout="0" aborted="0" inconclusive="0" passedButRunAborted="0" notRunnable="0" notExecuted="0" disconnected="0" warning="0" completed="0" inProgress="0" pending="0" />
    <Output>
      <StdOut>[xUnit.net 00:00:00.00] xUnit.net VSTest Adapter v3.1.4+50e68bbb8b (64-bit .NET 10.0.2)&#xD;
[xUnit.net 00:00:00.09]   Discovering: MyApp.Tests&#xD;
[xUnit.net 00:00:00.16]   Discovered:  MyApp.Tests&#xD;
[xUnit.net 00:00:00.19]   Starting:    MyApp.Tests&#xD;
     Warning:&#xD;
     The component "Fluent Assertions" is governed by the rules defined in the Xceed License Agreement and&#xD;
     the Xceed Fluent Assertions Community License. You may use Fluent Assertions free of charge for&#xD;
     non-commercial use only. An active subscription is required to use Fluent Assertions for commercial use.&#xD;
     Please contact Xceed Sales mailto:sales@xceed.com to acquire a subscription at a very low cost.&#xD;
     A paid commercial license supports the development and continued increasing support of&#xD;
     Fluent Assertions users under both commercial and community licenses. Help us&#xD;
     keep Fluent Assertions at the forefront of unit testing.&#xD;
     For more information, visit https://xceed.com/products/unit-testing/fluent-assertions/&#xD;
[xUnit.net 00:00:00.60]       Class fixture type 'MyApp.Tests.E2E.CustomWebApplicationFactory' threw in its constructor&#xD;
[xUnit.net 00:00:00.60]       ---- System.ArgumentException : Docker is either not running or misconfigured. Please ensure that Docker is running and that the endpoint is properly configured. You can customize your configuration using either the environment variables or the ~/.testcontainers.properties file. For more information, visit:
https://dotnet.testcontainers.org/custom_configuration/ (Parameter 'DockerEndpointAuthConfig')&#xD;
[xUnit.net 00:00:00.60]       Stack Trace:&#xD;
[xUnit.net 00:00:00.60]         &#xD;
[xUnit.net 00:00:00.60]         ----- Inner Stack Trace -----&#xD;
[xUnit.net 00:00:00.60]         /_/src/Testcontainers/Guard.Null.cs(62,0): at DotNet.Testcontainers.Guard.ThrowIf[TType](ArgumentInfo`1&amp; argument, Func`2 condition, Func`2 ifClause)&#xD;
[xUnit.net 00:00:00.60]         /_/src/Testcontainers/Builders/AbstractBuilder`4.cs(145,0): at DotNet.Testcontainers.Builders.AbstractBuilder`4.Validate()&#xD;
[xUnit.net 00:00:00.60]         /_/src/Testcontainers/Builders/ContainerBuilder`3.cs(405,0): at DotNet.Testcontainers.Builders.ContainerBuilder`3.Validate()&#xD;
[xUnit.net 00:00:00.60]         /_/src/Testcontainers.PostgreSql/PostgreSqlBuilder.cs(101,0): at Testcontainers.PostgreSql.PostgreSqlBuilder.Validate()&#xD;
[xUnit.net 00:00:00.60]         /_/src/Testcontainers.PostgreSql/PostgreSqlBuilder.cs(75,0): at Testcontainers.PostgreSql.PostgreSqlBuilder.Build()&#xD;
[xUnit.net 00:00:00.60]         D:\Repositories\aspnet-enterprise-api\MyApp.Tests\E2E\CustomWebApplicationFactory.cs(17,0): at MyApp.Tests.E2E.CustomWebApplicationFactory..ctor()&#xD;
[xUnit.net 00:00:00.60]            at System.Reflection.MethodBaseInvoker.InterpretedInvoke_Constructor(Object obj, IntPtr* args)&#xD;
[xUnit.net 00:00:00.60]            at System.Reflection.MethodBaseInvoker.InvokeWithNoArgs(Object obj, BindingFlags invokeAttr)&#xD;
[xUnit.net 00:00:00.60]       Class fixture type 'MyApp.Tests.E2E.CustomWebApplicationFactory' threw in its constructor&#xD;
[xUnit.net 00:00:00.60]       ---- System.ArgumentException : Docker is either not running or misconfigured. Please ensure that Docker is running and that the endpoint is properly configured. You can customize your configuration using either the environment variables or the ~/.testcontainers.properties file. For more information, visit:
https://dotnet.testcontainers.org/custom_configuration/ (Parameter 'DockerEndpointAuthConfig')&#xD;
[xUnit.net 00:00:00.60]       Stack Trace:&#xD;
[xUnit.net 00:00:00.60]         &#xD;
[xUnit.net 00:00:00.60]         ----- Inner Stack Trace -----&#xD;
[xUnit.net 00:00:00.60]         /_/src/Testcontainers/Guard.Null.cs(62,0): at DotNet.Testcontainers.Guard.ThrowIf[TType](ArgumentInfo`1&amp; argument, Func`2 condition, Func`2 ifClause)&#xD;
[xUnit.net 00:00:00.60]         /_/src/Testcontainers/Builders/AbstractBuilder`4.cs(145,0): at DotNet.Testcontainers.Builders.AbstractBuilder`4.Validate()&#xD;
[xUnit.net 00:00:00.60]         /_/src/Testcontainers/Builders/ContainerBuilder`3.cs(405,0): at DotNet.Testcontainers.Builders.ContainerBuilder`3.Validate()&#xD;
[xUnit.net 00:00:00.60]         /_/src/Testcontainers.PostgreSql/PostgreSqlBuilder.cs(101,0): at Testcontainers.PostgreSql.PostgreSqlBuilder.Validate()&#xD;
[xUnit.net 00:00:00.60]         /_/src/Testcontainers.PostgreSql/PostgreSqlBuilder.cs(75,0): at Testcontainers.PostgreSql.PostgreSqlBuilder.Build()&#xD;
[xUnit.net 00:00:00.60]         D:\Repositories\aspnet-enterprise-api\MyApp.Tests\E2E\CustomWebApplicationFactory.cs(17,0): at MyApp.Tests.E2E.CustomWebApplicationFactory..ctor()&#xD;
[xUnit.net 00:00:00.60]            at System.Reflection.MethodBaseInvoker.InterpretedInvoke_Constructor(Object obj, IntPtr* args)&#xD;
[xUnit.net 00:00:00.60]            at System.Reflection.MethodBaseInvoker.InvokeWithNoArgs(Object obj, BindingFlags invokeAttr)&#xD;
[xUnit.net 00:00:01.53]   Finished:    MyApp.Tests&#xD;
</StdOut>
    </Output>
    <RunInfos>
      <RunInfo computerName="VIGNESH" outcome="Error" timestamp="2026-03-31T01:11:38.6467226+05:30">
        <Text>[xUnit.net 00:00:00.60]     MyApp.Tests.E2E.BillingIngestionE2ETests.IngestRecord_NoToken_ShouldReturnUnauthorized [FAIL]</Text>
      </RunInfo>
      <RunInfo computerName="VIGNESH" outcome="Error" timestamp="2026-03-31T01:11:38.6503877+05:30">
        <Text>[xUnit.net 00:00:00.60]     MyApp.Tests.E2E.BillingIngestionE2ETests.HealthCheck_ShouldBeHealthy [FAIL]</Text>
      </RunInfo>
    </RunInfos>
  </ResultSummary>
</TestRun>